Using pre-set license
Built from '2020.3/staging' branch; Version is '2020.3.4f1 (0abb6314276a) revision 703331'; Using compiler version '192528614'; Build Type 'Release'
OS: 'Windows 10 Education; OS build 19043.1706; Version 2009; 64bit' Language: 'ko' Physical Memory: 32656 MB
BatchMode: 1, IsHumanControllingUs: 0, StartBugReporterOnCrash: 0, Is64bit: 1, IsPro: 0

 COMMAND LINE ARGUMENTS:
C:\Program Files\Unity\Hub\Editor\2020.3.4f1\Editor\Unity.exe
-adb2
-batchMode
-noUpm
-name
AssetImportWorker0
-projectPath
C:/Users/gkim29/Documents/workplz/New Unity Project
-logFile
Logs/AssetImportWorker0.log
-srvPort
58235
Successfully changed project path to: C:/Users/gkim29/Documents/workplz/New Unity Project
C:/Users/gkim29/Documents/workplz/New Unity Project
Using Asset Import Pipeline V2.
Refreshing native plugins compatible for Editor in 29.83 ms, found 1 plugins.
Preloading 0 native plugins for Editor in 0.00 ms.
Initialize engine version: 2020.3.4f1 (0abb6314276a)
[Subsystems] Discovering subsystems at path C:/Program Files/Unity/Hub/Editor/2020.3.4f1/Editor/Data/Resources/UnitySubsystems
[Subsystems] Discovering subsystems at path C:/Users/gkim29/Documents/workplz/New Unity Project/Assets
GfxDevice: creating device client; threaded=0
Direct3D:
    Version:  Direct3D 11.0 [level 11.1]
    Renderer: NVIDIA GeForce GTX 1650 (ID=0x1f82)
    Vendor:   
    VRAM:     3962 MB
    Driver:   27.21.14.5671
Initialize mono
Mono path[0] = 'C:/Program Files/Unity/Hub/Editor/2020.3.4f1/Editor/Data/Managed'
Mono path[1] = 'C:/Program Files/Unity/Hub/Editor/2020.3.4f1/Editor/Data/MonoBleedingEdge/lib/mono/unityjit'
Mono config path = 'C:/Program Files/Unity/Hub/Editor/2020.3.4f1/Editor/Data/MonoBleedingEdge/etc'
Using monoOptions --debugger-agent=transport=dt_socket,embedding=1,server=y,suspend=n,address=127.0.0.1:56708
Begin MonoManager ReloadAssembly
Registering precompiled unity dll's ...
Register platform support module: C:/Program Files/Unity/Hub/Editor/2020.3.4f1/Editor/Data/PlaybackEngines/WindowsStandaloneSupport/UnityEditor.WindowsStandalone.Extensions.dll
Registered in 0.002000 seconds.
Native extension for WindowsStandalone target not found
Refreshing native plugins compatible for Editor in 29.54 ms, found 1 plugins.
Preloading 0 native plugins for Editor in 0.00 ms.
Mono: successfully reloaded assembly
- Completed reload, in  1.640 seconds
Platform modules already initialized, skipping
Registering precompiled user dll's ...
Registered in 0.001018 seconds.
Begin MonoManager ReloadAssembly
Native extension for WindowsStandalone target not found
Refreshing native plugins compatible for Editor in 28.99 ms, found 1 plugins.
Preloading 0 native plugins for Editor in 0.00 ms.
Mono: successfully reloaded assembly
- Completed reload, in  0.651 seconds
Platform modules already initialized, skipping
========================================================================
Worker process is ready to serve import requests
Launched and connected shader compiler UnityShaderCompiler.exe after 0.04 seconds
Refreshing native plugins compatible for Editor in 0.43 ms, found 1 plugins.
Preloading 0 native plugins for Editor in 0.00 ms.
Unloading 1833 Unused Serialized files (Serialized files now loaded: 0)
System memory in use before: 89.9 MB.
System memory in use after: 89.8 MB.

Unloading 24 unused Assets to reduce memory usage. Loaded Objects now: 2275.
Total: 1.894100 ms (FindLiveObjects: 0.257800 ms CreateObjectMapping: 0.054200 ms MarkObjects: 1.475800 ms  DeleteObjects: 0.104500 ms)

========================================================================
Received Import Request.
  path: Assets/Sunnyland/artwork/Sprites/player/jump/player-jump-2.png
  artifactKey: Guid(598fb1767626f42e992bb9c2769d86ea) Importer(815301076,1909f56bfc062723c751e8b465ee728b)
Start importing Assets/Sunnyland/artwork/Sprites/player/jump/player-jump-2.png using Guid(598fb1767626f42e992bb9c2769d86ea) Importer(815301076,1909f56bfc062723c751e8b465ee728b)  -> (artifact id: 'b640799027a1f4473595405d5ba36182') in 0.089005 seconds
  Import took 0.091631 seconds .

========================================================================
Received Import Request.
  Time since last request: 0.000271 seconds.
  path: Assets/Sunnyland/artwork/Sprites/player/jump/player-jump-1.png
  artifactKey: Guid(e2976d09b53264ffbbb9210a1ae1dcc0) Importer(815301076,1909f56bfc062723c751e8b465ee728b)
Start importing Assets/Sunnyland/artwork/Sprites/player/jump/player-jump-1.png using Guid(e2976d09b53264ffbbb9210a1ae1dcc0) Importer(815301076,1909f56bfc062723c751e8b465ee728b)  -> (artifact id: 'fc8f2ba7ac2bccc3d407364265fa0c50') in 0.008452 seconds
  Import took 0.010305 seconds .

========================================================================
Received Import Request.
  Time since last request: 8.997491 seconds.
  path: Assets/Sunnyland/artwork/Sprites/player/jump/jump.anim
  artifactKey: Guid(cae852ab6da4ee044999e90108d073b7) Importer(815301076,1909f56bfc062723c751e8b465ee728b)
Start importing Assets/Sunnyland/artwork/Sprites/player/jump/jump.anim using Guid(cae852ab6da4ee044999e90108d073b7) Importer(815301076,1909f56bfc062723c751e8b465ee728b)  -> (artifact id: 'f073dcf88f7b40e238feb9449c70e98a') in 0.005502 seconds
  Import took 0.008072 seconds .

========================================================================
Received Import Request.
  Time since last request: 0.002051 seconds.
  path: Assets/Sunnyland/artwork/Sprites/player/jump/jump.anim
  artifactKey: Guid(cae852ab6da4ee044999e90108d073b7) Importer(815301076,1909f56bfc062723c751e8b465ee728b)
Start importing Assets/Sunnyland/artwork/Sprites/player/jump/jump.anim using Guid(cae852ab6da4ee044999e90108d073b7) Importer(815301076,1909f56bfc062723c751e8b465ee728b)  -> (artifact id: 'f073dcf88f7b40e238feb9449c70e98a') in 0.002087 seconds
  Import took 0.003989 seconds .

========================================================================
Received Import Request.
  Time since last request: 47.035371 seconds.
  path: Assets/Sunnyland/artwork/Sprites/player/run/player-run-1.png
  artifactKey: Guid(8afd73b29f8e34c70b0db80184b8cc7f) Importer(815301076,1909f56bfc062723c751e8b465ee728b)
Start importing Assets/Sunnyland/artwork/Sprites/player/run/player-run-1.png using Guid(8afd73b29f8e34c70b0db80184b8cc7f) Importer(815301076,1909f56bfc062723c751e8b465ee728b)  -> (artifact id: '170b634c94f17f9c1e266187cb9b8a50') in 0.008353 seconds
  Import took 0.010777 seconds .

========================================================================
Received Import Request.
  Time since last request: 0.000207 seconds.
  path: Assets/Sunnyland/artwork/Sprites/player/run/player-run-3.png
  artifactKey: Guid(3f59d4fdf4fe04ab79f11dadde82fe8c) Importer(815301076,1909f56bfc062723c751e8b465ee728b)
Start importing Assets/Sunnyland/artwork/Sprites/player/run/player-run-3.png using Guid(3f59d4fdf4fe04ab79f11dadde82fe8c) Importer(815301076,1909f56bfc062723c751e8b465ee728b)  -> (artifact id: 'ac2ea2502d1a11e1ac0705a10821ed26') in 0.006307 seconds
  Import took 0.008167 seconds .

========================================================================
Received Import Request.
  Time since last request: 0.000174 seconds.
  path: Assets/Sunnyland/artwork/Sprites/player/run/player-run-5.png
  artifactKey: Guid(f58cc0961cc9146ca9780a0cb1327e5d) Importer(815301076,1909f56bfc062723c751e8b465ee728b)
Start importing Assets/Sunnyland/artwork/Sprites/player/run/player-run-5.png using Guid(f58cc0961cc9146ca9780a0cb1327e5d) Importer(815301076,1909f56bfc062723c751e8b465ee728b)  -> (artifact id: 'd97035143c1a9b3aec48134f25df00ce') in 0.020800 seconds
  Import took 0.022882 seconds .

========================================================================
Received Import Request.
  Time since last request: 0.000222 seconds.
  path: Assets/Sunnyland/artwork/Sprites/player/run/player-run-4.png
  artifactKey: Guid(bc3fcf1d561104bea933686de6bade4b) Importer(815301076,1909f56bfc062723c751e8b465ee728b)
Start importing Assets/Sunnyland/artwork/Sprites/player/run/player-run-4.png using Guid(bc3fcf1d561104bea933686de6bade4b) Importer(815301076,1909f56bfc062723c751e8b465ee728b)  -> (artifact id: '4e35288ff16b4c9fb6a2bf1ddb31ca89') in 0.008150 seconds
  Import took 0.010362 seconds .

========================================================================
Received Import Request.
  Time since last request: 0.000175 seconds.
  path: Assets/Sunnyland/artwork/Sprites/player/run/player-run-2.png
  artifactKey: Guid(d094cf6ac3d8a4d0bbbef5d6d6ad3eed) Importer(815301076,1909f56bfc062723c751e8b465ee728b)
Start importing Assets/Sunnyland/artwork/Sprites/player/run/player-run-2.png using Guid(d094cf6ac3d8a4d0bbbef5d6d6ad3eed) Importer(815301076,1909f56bfc062723c751e8b465ee728b)  -> (artifact id: 'e4e1010b27d9e71d0d2164745d99da4b') in 0.016464 seconds
  Import took 0.018361 seconds .

========================================================================
Received Import Request.
  Time since last request: 0.000221 seconds.
  path: Assets/Sunnyland/artwork/Sprites/player/run/player-run-6.png
  artifactKey: Guid(af314424f59d946469a97f398e8de53f) Importer(815301076,1909f56bfc062723c751e8b465ee728b)
Start importing Assets/Sunnyland/artwork/Sprites/player/run/player-run-6.png using Guid(af314424f59d946469a97f398e8de53f) Importer(815301076,1909f56bfc062723c751e8b465ee728b)  -> (artifact id: '340fc555c61d69f9fd618986731923b2') in 0.014460 seconds
  Import took 0.016471 seconds .

========================================================================
Received Import Request.
  Time since last request: 64.357267 seconds.
  path: Assets/Sunnyland/artwork/Sprites/player/idle/player.controller
  artifactKey: Guid(90ad023a93f7a0b479fd60407db8e005) Importer(815301076,1909f56bfc062723c751e8b465ee728b)
Start importing Assets/Sunnyland/artwork/Sprites/player/idle/player.controller using Guid(90ad023a93f7a0b479fd60407db8e005) Importer(815301076,1909f56bfc062723c751e8b465ee728b)  -> (artifact id: '4bf7133c82c072406f446be6434a05bb') in 0.005434 seconds
  Import took 0.008085 seconds .

========================================================================
Received Prepare
Registering precompiled user dll's ...
Registered in 0.000856 seconds.
Begin MonoManager ReloadAssembly
Native extension for WindowsStandalone target not found
Refreshing native plugins compatible for Editor in 0.44 ms, found 1 plugins.
Preloading 0 native plugins for Editor in 0.00 ms.
Mono: successfully reloaded assembly
- Completed reload, in  0.591 seconds
Platform modules already initialized, skipping
Refreshing native plugins compatible for Editor in 0.38 ms, found 1 plugins.
Preloading 0 native plugins for Editor in 0.00 ms.
Unloading 1815 Unused Serialized files (Serialized files now loaded: 0)
System memory in use before: 91.6 MB.
System memory in use after: 91.6 MB.

Unloading 12 unused Assets to reduce memory usage. Loaded Objects now: 2285.
Total: 1.943300 ms (FindLiveObjects: 0.218600 ms CreateObjectMapping: 0.049400 ms MarkObjects: 1.580600 ms  DeleteObjects: 0.093700 ms)

========================================================================
Received Prepare
Registering precompiled user dll's ...
Registered in 0.000828 seconds.
Begin MonoManager ReloadAssembly
Native extension for WindowsStandalone target not found
Refreshing native plugins compatible for Editor in 0.45 ms, found 1 plugins.
Preloading 0 native plugins for Editor in 0.00 ms.
Mono: successfully reloaded assembly
- Completed reload, in  0.595 seconds
Platform modules already initialized, skipping
Refreshing native plugins compatible for Editor in 0.43 ms, found 1 plugins.
Preloading 0 native plugins for Editor in 0.00 ms.
Unloading 1815 Unused Serialized files (Serialized files now loaded: 0)
System memory in use before: 91.6 MB.
System memory in use after: 91.6 MB.

Unloading 12 unused Assets to reduce memory usage. Loaded Objects now: 2289.
Total: 1.875400 ms (FindLiveObjects: 0.200700 ms CreateObjectMapping: 0.046800 ms MarkObjects: 1.521500 ms  DeleteObjects: 0.105300 ms)

========================================================================
Received Prepare
Registering precompiled user dll's ...
Registered in 0.000795 seconds.
Begin MonoManager ReloadAssembly
Native extension for WindowsStandalone target not found
Refreshing native plugins compatible for Editor in 0.46 ms, found 1 plugins.
Preloading 0 native plugins for Editor in 0.00 ms.
Mono: successfully reloaded assembly
- Completed reload, in  0.598 seconds
Platform modules already initialized, skipping
Refreshing native plugins compatible for Editor in 0.41 ms, found 1 plugins.
Preloading 0 native plugins for Editor in 0.00 ms.
Unloading 1815 Unused Serialized files (Serialized files now loaded: 0)
System memory in use before: 91.7 MB.
System memory in use after: 91.6 MB.

Unloading 12 unused Assets to reduce memory usage. Loaded Objects now: 2293.
Total: 1.909800 ms (FindLiveObjects: 0.190300 ms CreateObjectMapping: 0.151100 ms MarkObjects: 1.476700 ms  DeleteObjects: 0.091000 ms)

========================================================================
Received Import Request.
  Time since last request: 256.877044 seconds.
  path: Assets/Sunnyland/artwork/Sprites/player/idle/player.controller
  artifactKey: Guid(90ad023a93f7a0b479fd60407db8e005) Importer(815301076,1909f56bfc062723c751e8b465ee728b)
Start importing Assets/Sunnyland/artwork/Sprites/player/idle/player.controller using Guid(90ad023a93f7a0b479fd60407db8e005) Importer(815301076,1909f56bfc062723c751e8b465ee728b)  -> (artifact id: '64f1be078fad1cafb814f870ed247f1a') in 0.010754 seconds
  Import took 0.013064 seconds .

========================================================================
Received Import Request.
  Time since last request: 436.521192 seconds.
  path: Assets/Sunnyland/artwork/Sprites/player/idle/player.controller
  artifactKey: Guid(90ad023a93f7a0b479fd60407db8e005) Importer(815301076,1909f56bfc062723c751e8b465ee728b)
Start importing Assets/Sunnyland/artwork/Sprites/player/idle/player.controller using Guid(90ad023a93f7a0b479fd60407db8e005) Importer(815301076,1909f56bfc062723c751e8b465ee728b)  -> (artifact id: '8bd6b3cb41e4ff6d4fb6f431d6986e5d') in 0.003898 seconds
  Import took 0.006660 seconds .

========================================================================
Received Import Request.
  Time since last request: 144.523675 seconds.
  path: Assets/Sunnyland/artwork/Sprites/player/run/run.anim
  artifactKey: Guid(71a09a5c06a14cf43867fc79b65929af) Importer(815301076,1909f56bfc062723c751e8b465ee728b)
Start importing Assets/Sunnyland/artwork/Sprites/player/run/run.anim using Guid(71a09a5c06a14cf43867fc79b65929af) Importer(815301076,1909f56bfc062723c751e8b465ee728b)  -> (artifact id: '9c167f6fdc84649437f44d37d634a5da') in 0.003380 seconds
  Import took 0.005756 seconds .

========================================================================
Received Import Request.
  Time since last request: 0.001451 seconds.
  path: Assets/Sunnyland/artwork/Sprites/player/run/run.anim
  artifactKey: Guid(71a09a5c06a14cf43867fc79b65929af) Importer(815301076,1909f56bfc062723c751e8b465ee728b)
Start importing Assets/Sunnyland/artwork/Sprites/player/run/run.anim using Guid(71a09a5c06a14cf43867fc79b65929af) Importer(815301076,1909f56bfc062723c751e8b465ee728b)  -> (artifact id: '9c167f6fdc84649437f44d37d634a5da') in 0.002179 seconds
  Import took 0.003745 seconds .

========================================================================
Received Import Request.
  Time since last request: 89.140408 seconds.
  path: Assets/Sunnyland/artwork/Sprites/player/idle/player.controller
  artifactKey: Guid(90ad023a93f7a0b479fd60407db8e005) Importer(815301076,1909f56bfc062723c751e8b465ee728b)
Start importing Assets/Sunnyland/artwork/Sprites/player/idle/player.controller using Guid(90ad023a93f7a0b479fd60407db8e005) Importer(815301076,1909f56bfc062723c751e8b465ee728b)  -> (artifact id: '831d2e1cc9aeb630cd3df6d0d24ff992') in 0.003575 seconds
  Import took 0.006136 seconds .

========================================================================
Received Import Request.
  Time since last request: 192.236044 seconds.
  path: Assets/Sunnyland/artwork/Sprites/player/jump/fall.anim
  artifactKey: Guid(d9ef26dce08ac1347bbe08613c8d559b) Importer(815301076,1909f56bfc062723c751e8b465ee728b)
Start importing Assets/Sunnyland/artwork/Sprites/player/jump/fall.anim using Guid(d9ef26dce08ac1347bbe08613c8d559b) Importer(815301076,1909f56bfc062723c751e8b465ee728b)  -> (artifact id: '73d62e5eb679469615664c8ced601a6e') in 0.002733 seconds
  Import took 0.005606 seconds .

========================================================================
Received Import Request.
  Time since last request: 0.002488 seconds.
  path: Assets/Sunnyland/artwork/Sprites/player/jump/fall.anim
  artifactKey: Guid(d9ef26dce08ac1347bbe08613c8d559b) Importer(815301076,1909f56bfc062723c751e8b465ee728b)
Start importing Assets/Sunnyland/artwork/Sprites/player/jump/fall.anim using Guid(d9ef26dce08ac1347bbe08613c8d559b) Importer(815301076,1909f56bfc062723c751e8b465ee728b)  -> (artifact id: '73d62e5eb679469615664c8ced601a6e') in 0.002164 seconds
  Import took 0.003824 seconds .

========================================================================
Received Import Request.
  Time since last request: 71.888786 seconds.
  path: Assets/Sunnyland/artwork/Sprites/player/idle/player.controller
  artifactKey: Guid(90ad023a93f7a0b479fd60407db8e005) Importer(815301076,1909f56bfc062723c751e8b465ee728b)
Start importing Assets/Sunnyland/artwork/Sprites/player/idle/player.controller using Guid(90ad023a93f7a0b479fd60407db8e005) Importer(815301076,1909f56bfc062723c751e8b465ee728b)  -> (artifact id: 'c259a0ba0cd6a25d88f13a9f108ff836') in 0.004373 seconds
  Import took 0.006912 seconds .

========================================================================
Received Prepare
Registering precompiled user dll's ...
Registered in 0.001351 seconds.
Begin MonoManager ReloadAssembly
Native extension for WindowsStandalone target not found
Refreshing native plugins compatible for Editor in 0.45 ms, found 1 plugins.
Preloading 0 native plugins for Editor in 0.00 ms.
Mono: successfully reloaded assembly
- Completed reload, in  0.591 seconds
Platform modules already initialized, skipping
Refreshing native plugins compatible for Editor in 0.40 ms, found 1 plugins.
Preloading 0 native plugins for Editor in 0.00 ms.
Unloading 1815 Unused Serialized files (Serialized files now loaded: 0)
System memory in use before: 91.7 MB.
System memory in use after: 91.7 MB.

Unloading 12 unused Assets to reduce memory usage. Loaded Objects now: 2297.
Total: 1.868300 ms (FindLiveObjects: 0.185500 ms CreateObjectMapping: 0.046500 ms MarkObjects: 1.545000 ms  DeleteObjects: 0.090300 ms)

========================================================================
Received Prepare
Registering precompiled user dll's ...
Registered in 0.000822 seconds.
Begin MonoManager ReloadAssembly
Native extension for WindowsStandalone target not found
Refreshing native plugins compatible for Editor in 0.44 ms, found 1 plugins.
Preloading 0 native plugins for Editor in 0.00 ms.
Mono: successfully reloaded assembly
- Completed reload, in  0.611 seconds
Platform modules already initialized, skipping
Refreshing native plugins compatible for Editor in 0.45 ms, found 1 plugins.
Preloading 0 native plugins for Editor in 0.00 ms.
Unloading 1815 Unused Serialized files (Serialized files now loaded: 0)
System memory in use before: 91.7 MB.
System memory in use after: 91.7 MB.

Unloading 12 unused Assets to reduce memory usage. Loaded Objects now: 2301.
Total: 1.886000 ms (FindLiveObjects: 0.307100 ms CreateObjectMapping: 0.051400 ms MarkObjects: 1.431900 ms  DeleteObjects: 0.095000 ms)

========================================================================
Received Prepare
Registering precompiled user dll's ...
Registered in 0.001242 seconds.
Begin MonoManager ReloadAssembly
Native extension for WindowsStandalone target not found
Refreshing native plugins compatible for Editor in 0.44 ms, found 1 plugins.
Preloading 0 native plugins for Editor in 0.00 ms.
Mono: successfully reloaded assembly
- Completed reload, in  0.635 seconds
Platform modules already initialized, skipping
Refreshing native plugins compatible for Editor in 0.35 ms, found 1 plugins.
Preloading 0 native plugins for Editor in 0.00 ms.
Unloading 1815 Unused Serialized files (Serialized files now loaded: 0)
System memory in use before: 91.7 MB.
System memory in use after: 91.7 MB.

Unloading 12 unused Assets to reduce memory usage. Loaded Objects now: 2305.
Total: 1.876600 ms (FindLiveObjects: 0.190400 ms CreateObjectMapping: 0.047000 ms MarkObjects: 1.533200 ms  DeleteObjects: 0.105200 ms)

========================================================================
Received Prepare
Registering precompiled user dll's ...
Registered in 0.000932 seconds.
Begin MonoManager ReloadAssembly
Native extension for WindowsStandalone target not found
Refreshing native plugins compatible for Editor in 0.46 ms, found 1 plugins.
Preloading 0 native plugins for Editor in 0.00 ms.
Mono: successfully reloaded assembly
- Completed reload, in  0.653 seconds
Platform modules already initialized, skipping
Refreshing native plugins compatible for Editor in 0.57 ms, found 1 plugins.
Preloading 0 native plugins for Editor in 0.00 ms.
Unloading 1815 Unused Serialized files (Serialized files now loaded: 0)
System memory in use before: 91.7 MB.
System memory in use after: 91.7 MB.

Unloading 12 unused Assets to reduce memory usage. Loaded Objects now: 2309.
Total: 1.947500 ms (FindLiveObjects: 0.236400 ms CreateObjectMapping: 0.036400 ms MarkObjects: 1.569600 ms  DeleteObjects: 0.103500 ms)

========================================================================
Received Prepare
Registering precompiled user dll's ...
Registered in 0.000947 seconds.
Begin MonoManager ReloadAssembly
Native extension for WindowsStandalone target not found
Refreshing native plugins compatible for Editor in 0.47 ms, found 1 plugins.
Preloading 0 native plugins for Editor in 0.00 ms.
Mono: successfully reloaded assembly
- Completed reload, in  0.698 seconds
Platform modules already initialized, skipping
Refreshing native plugins compatible for Editor in 0.46 ms, found 1 plugins.
Preloading 0 native plugins for Editor in 0.00 ms.
Unloading 1815 Unused Serialized files (Serialized files now loaded: 0)
System memory in use before: 91.7 MB.
System memory in use after: 91.7 MB.

Unloading 12 unused Assets to reduce memory usage. Loaded Objects now: 2313.
Total: 1.964100 ms (FindLiveObjects: 0.226100 ms CreateObjectMapping: 0.035400 ms MarkObjects: 1.540000 ms  DeleteObjects: 0.162100 ms)

AssetImportWorkerClient::OnTransportError - code=2 error=End of file
